Plugins:
Bundled analyzers:
  - Python Code Quality and Security 3.24.1.11916 (python)
  - Go Code Quality and Security 1.11.0.3905 (go)
  - JaCoCo 1.3.0.1538 (jacoco)
  - Kotlin Code Quality and Security 2.12.0.1956 (kotlin)
  - IaC Code Quality and Security 1.11.0.2847 (iac)
  - JavaScript/TypeScript/CSS Code Quality and Security 9.13.0.20537 (javascript)
  - Ruby Code Quality and Security 1.11.0.3905 (ruby)
  - Scala Code Quality and Security 1.11.0.3905 (sonarscala)
  - C# Code Quality and Security 8.51.0.59060 (csharp)
  - Java Code Quality and Security 7.16.0.30901 (java)
  - HTML Code Quality and Security 3.7.1.3306 (web)
  - Flex Code Quality and Security 2.8.0.3166 (flex)
  - XML Code Quality and Security 2.7.0.3820 (xml)
  - PHP Code Quality and Security 3.27.1.9352 (php)
  - Text Code Quality and Security 2.0.2.1090 (text)
  - VB.NET Code Quality and Security 8.51.0.59060 (vbnet)
  - Configuration detection fot Code Quality and Security 1.2.0.267 (config)
Global server settings:
  - sonar.core.id=147B411E-AZNrl88ZxUS2_b0QqD-Q
  - sonar.core.startTime=2024-11-27T00:59:22-0300
  - sonar.forceAuthentication=false
Project server settings:
Project scanner properties:
  - sonar.exclusions=sonarscan.js, .gitignore, Dockerfile, src/components/Server.jsx, server.js
  - sonar.host.url=http://localhost:9000
  - sonar.projectBaseDir=C:\Users\johns\Desktop\devsecops-pep2\frontend
  - sonar.projectDescription=Here I can add a description of my project
  - sonar.projectKey=frontend
  - sonar.projectName=frontend
  - sonar.projectVersion=0.0.1
  - sonar.scanner.app=ScannerNpm
  - sonar.scanner.appVersion=3.5.0
  - sonar.sourceEncoding=UTF-8
  - sonar.sources=.
  - sonar.token=******
  - sonar.working.directory=C:\Users\johns\Desktop\devsecops-pep2\frontend\.scannerwork
